[2015-02-21 08:57:57] name.WARNING: Foo [] []
[2015-02-21 08:57:57] name.ERROR: Bar [] []
[2015-02-21 08:58:06] name.WARNING: Foo [] []
[2015-02-21 08:58:06] name.ERROR: Bar [] []
[2015-02-21 13:34:46] name.WARNING: This is a warning [] []
[2015-02-21 13:34:46] name.ERROR: This is an error [] []
[2015-02-21 13:38:51] name.WARNING: This is a warning [] []
[2015-02-21 13:38:51] name.ERROR: This is an error [] []
[2015-02-21 14:49:05] name.WARNING: This is a warning [] []
[2015-02-21 14:49:05] name.ERROR: This is an error [] []
[2015-02-21 14:49:23] name.WARNING: This is a warning [] []
[2015-02-21 14:49:23] name.ERROR: This is an error [] []
[2015-02-21 16:50:27] name.WARNING: This is a warning [] []
[2015-02-21 16:50:27] name.ERROR: This is an error [] []
[2015-02-22 12:46:54] name.WARNING: This is a warning [] []
[2015-02-22 12:46:54] name.ERROR: This is an error [] []
[2015-02-22 13:06:44] name.WARNING: This is a warning [] []
[2015-02-22 13:06:44] name.ERROR: This is an error [] []
[2015-02-22 13:15:18] name.WARNING: This is a warning [] []
[2015-02-22 13:15:18] name.ERROR: This is an error [] []
[2015-02-22 13:19:36] name.WARNING: This is a warning [] []
[2015-02-22 13:19:36] name.ERROR: This is an error [] []
[2015-02-22 13:25:12] name.WARNING: This is a warning [] []
[2015-02-22 13:25:12] name.ERROR: This is an error [] []
[2015-02-22 13:25:30] name.WARNING: This is a warning [] []
[2015-02-22 13:25:30] name.ERROR: This is an error [] []
[2015-02-22 13:25:30] name.ERROR: This is an error [] []
[2015-02-22 13:58:58] my channel.INFO: Adding a new user {"username":"Seldaek"} []
[2015-02-22 13:58:58] my channel.WARNING: This is a warning [] []
[2015-02-22 13:58:58] my channel.ERROR: This is an error [] []
[2015-02-22 14:45:29] my channel.INFO: Adding a new user {"username":"Seldaek"} []
[2015-02-22 14:45:29] my channel.WARNING: This is a warning [] []
[2015-02-22 14:45:29] my channel.ERROR: This is an error [] []
[2015-02-22 14:47:08] my channel.INFO: SQLSTATE[HY000] [1049] Unknown database 'faker' [] []
[2015-02-22 18:47:34] my channel.INFO: SQLSTATE[HY000] [1049] Unknown database 'faker' [] []
[2015-02-22 18:49:02] my channel.INFO: SQLSTATE[HY000] [1049] Unknown database 'faker' [] []
[2015-02-22 18:51:35] my channel.INFO: SQLSTATE[HY000] [1049] Unknown database 'faker' [] []
[2015-02-22 19:23:03] my channel.INFO: Adding a new user {"username":"Seldaek"} []
[2015-02-22 19:23:03] my channel.WARNING: This is a warning [] []
[2015-02-22 19:23:03] my channel.ERROR: This is an error [] []
[2015-02-22 22:42:47] my channel.INFO: Adding a new user {"username":"Seldaek"} []
[2015-02-22 22:42:47] my channel.WARNING: This is a warning [] []
[2015-02-22 22:42:47] my channel.ERROR: This is an error [] []
